<?xml version="1.0" encoding="UTF-8"?>
<testsuite xmlns:xsi="http://www.w3.org/2001/XMLSchema-instance" xsi:noNamespaceSchemaLocation="https://maven.apache.org/surefire/maven-surefire-plugin/xsd/surefire-test-report.xsd" name="com.twa.flights.api.pricing.configuration.SwaggerConfigurationTest" time="0.95" tests="2" errors="0" skipped="0" failures="0">
  <properties>
    <property name="gopherProxySet" value="false"/>
    <property name="awt.toolkit" value="sun.lwawt.macosx.LWCToolkit"/>
    <property name="java.specification.version" value="11"/>
    <property name="sun.cpu.isalist" value=""/>
    <property name="sun.jnu.encoding" value="UTF-8"/>
    <property name="java.class.path" value="/Users/mkumar/Projects/manning/api-testing/api-pricing/target/test-classes:/Users/mkumar/Projects/manning/api-testing/api-pricing/target/classes:/Users/mkumar/.m2/repository/org/springframework/boot/spring-boot-starter-web/2.4.10/spring-boot-starter-web-2.4.10.jar:/Users/mkumar/.m2/repository/org/springframework/boot/spring-boot-starter/2.4.10/spring-boot-starter-2.4.10.jar:/Users/mkumar/.m2/repository/org/springframework/boot/spring-boot/2.4.10/spring-boot-2.4.10.jar:/Users/mkumar/.m2/repository/org/springframework/boot/spring-boot-autoconfigure/2.4.10/spring-boot-autoconfigure-2.4.10.jar:/Users/mkumar/.m2/repository/org/springframework/boot/spring-boot-starter-logging/2.4.10/spring-boot-starter-logging-2.4.10.jar:/Users/mkumar/.m2/repository/ch/qos/logback/logback-classic/1.2.5/logback-classic-1.2.5.jar:/Users/mkumar/.m2/repository/ch/qos/logback/logback-core/1.2.5/logback-core-1.2.5.jar:/Users/mkumar/.m2/repository/org/apache/logging/log4j/log4j-to-slf4j/2.13.3/log4j-to-slf4j-2.13.3.jar:/Users/mkumar/.m2/repository/org/apache/logging/log4j/log4j-api/2.13.3/log4j-api-2.13.3.jar:/Users/mkumar/.m2/repository/org/slf4j/jul-to-slf4j/1.7.32/jul-to-slf4j-1.7.32.jar:/Users/mkumar/.m2/repository/jakarta/annotation/jakarta.annotation-api/1.3.5/jakarta.annotation-api-1.3.5.jar:/Users/mkumar/.m2/repository/org/springframework/boot/spring-boot-starter-json/2.4.10/spring-boot-starter-json-2.4.10.jar:/Users/mkumar/.m2/repository/com/fasterxml/jackson/core/jackson-databind/2.11.4/jackson-databind-2.11.4.jar:/Users/mkumar/.m2/repository/com/fasterxml/jackson/datatype/jackson-datatype-jdk8/2.11.4/jackson-datatype-jdk8-2.11.4.jar:/Users/mkumar/.m2/repository/com/fasterxml/jackson/datatype/jackson-datatype-jsr310/2.11.4/jackson-datatype-jsr310-2.11.4.jar:/Users/mkumar/.m2/repository/com/fasterxml/jackson/module/jackson-module-parameter-names/2.11.4/jackson-module-parameter-names-2.11.4.jar:/Users/mkumar/.m2/repository/org/springframework/spring-web/5.3.9/spring-web-5.3.9.jar:/Users/mkumar/.m2/repository/org/springframework/spring-webmvc/5.3.9/spring-webmvc-5.3.9.jar:/Users/mkumar/.m2/repository/org/springframework/spring-aop/5.3.9/spring-aop-5.3.9.jar:/Users/mkumar/.m2/repository/org/springframework/spring-context/5.3.9/spring-context-5.3.9.jar:/Users/mkumar/.m2/repository/org/springframework/spring-expression/5.3.9/spring-expression-5.3.9.jar:/Users/mkumar/.m2/repository/org/springframework/boot/spring-boot-starter-jetty/2.4.10/spring-boot-starter-jetty-2.4.10.jar:/Users/mkumar/.m2/repository/jakarta/servlet/jakarta.servlet-api/4.0.4/jakarta.servlet-api-4.0.4.jar:/Users/mkumar/.m2/repository/jakarta/websocket/jakarta.websocket-api/1.1.2/jakarta.websocket-api-1.1.2.jar:/Users/mkumar/.m2/repository/org/eclipse/jetty/jetty-servlets/9.4.43.v20210629/jetty-servlets-9.4.43.v20210629.jar:/Users/mkumar/.m2/repository/org/eclipse/jetty/jetty-continuation/9.4.43.v20210629/jetty-continuation-9.4.43.v20210629.jar:/Users/mkumar/.m2/repository/org/eclipse/jetty/jetty-http/9.4.43.v20210629/jetty-http-9.4.43.v20210629.jar:/Users/mkumar/.m2/repository/org/eclipse/jetty/jetty-util/9.4.43.v20210629/jetty-util-9.4.43.v20210629.jar:/Users/mkumar/.m2/repository/org/eclipse/jetty/jetty-io/9.4.43.v20210629/jetty-io-9.4.43.v20210629.jar:/Users/mkumar/.m2/repository/org/eclipse/jetty/jetty-webapp/9.4.43.v20210629/jetty-webapp-9.4.43.v20210629.jar:/Users/mkumar/.m2/repository/org/eclipse/jetty/jetty-xml/9.4.43.v20210629/jetty-xml-9.4.43.v20210629.jar:/Users/mkumar/.m2/repository/org/eclipse/jetty/jetty-servlet/9.4.43.v20210629/jetty-servlet-9.4.43.v20210629.jar:/Users/mkumar/.m2/repository/org/eclipse/jetty/jetty-security/9.4.43.v20210629/jetty-security-9.4.43.v20210629.jar:/Users/mkumar/.m2/repository/org/eclipse/jetty/jetty-server/9.4.43.v20210629/jetty-server-9.4.43.v20210629.jar:/Users/mkumar/.m2/repository/org/eclipse/jetty/jetty-util-ajax/9.4.43.v20210629/jetty-util-ajax-9.4.43.v20210629.jar:/Users/mkumar/.m2/repository/org/eclipse/jetty/websocket/websocket-server/9.4.43.v20210629/websocket-server-9.4.43.v20210629.jar:/Users/mkumar/.m2/repository/org/eclipse/jetty/websocket/websocket-common/9.4.43.v20210629/websocket-common-9.4.43.v20210629.jar:/Users/mkumar/.m2/repository/org/eclipse/jetty/websocket/websocket-api/9.4.43.v20210629/websocket-api-9.4.43.v20210629.jar:/Users/mkumar/.m2/repository/org/eclipse/jetty/websocket/websocket-client/9.4.43.v20210629/websocket-client-9.4.43.v20210629.jar:/Users/mkumar/.m2/repository/org/eclipse/jetty/jetty-client/9.4.43.v20210629/jetty-client-9.4.43.v20210629.jar:/Users/mkumar/.m2/repository/org/eclipse/jetty/websocket/websocket-servlet/9.4.43.v20210629/websocket-servlet-9.4.43.v20210629.jar:/Users/mkumar/.m2/repository/org/eclipse/jetty/websocket/javax-websocket-server-impl/9.4.43.v20210629/javax-websocket-server-impl-9.4.43.v20210629.jar:/Users/mkumar/.m2/repository/org/eclipse/jetty/jetty-annotations/9.4.43.v20210629/jetty-annotations-9.4.43.v20210629.jar:/Users/mkumar/.m2/repository/org/eclipse/jetty/jetty-plus/9.4.43.v20210629/jetty-plus-9.4.43.v20210629.jar:/Users/mkumar/.m2/repository/org/ow2/asm/asm/9.1/asm-9.1.jar:/Users/mkumar/.m2/repository/org/ow2/asm/asm-commons/9.1/asm-commons-9.1.jar:/Users/mkumar/.m2/repository/org/ow2/asm/asm-tree/9.1/asm-tree-9.1.jar:/Users/mkumar/.m2/repository/org/ow2/asm/asm-analysis/9.1/asm-analysis-9.1.jar:/Users/mkumar/.m2/repository/org/eclipse/jetty/websocket/javax-websocket-client-impl/9.4.43.v20210629/javax-websocket-client-impl-9.4.43.v20210629.jar:/Users/mkumar/.m2/repository/org/glassfish/jakarta.el/3.0.3/jakarta.el-3.0.3.jar:/Users/mkumar/.m2/repository/org/springframework/boot/spring-boot-starter-actuator/2.4.10/spring-boot-starter-actuator-2.4.10.jar:/Users/mkumar/.m2/repository/org/springframework/boot/spring-boot-actuator-autoconfigure/2.4.10/spring-boot-actuator-autoconfigure-2.4.10.jar:/Users/mkumar/.m2/repository/org/springframework/boot/spring-boot-actuator/2.4.10/spring-boot-actuator-2.4.10.jar:/Users/mkumar/.m2/repository/io/micrometer/micrometer-core/1.6.10/micrometer-core-1.6.10.jar:/Users/mkumar/.m2/repository/org/hdrhistogram/HdrHistogram/2.1.12/HdrHistogram-2.1.12.jar:/Users/mkumar/.m2/repository/org/latencyutils/LatencyUtils/2.0.3/LatencyUtils-2.0.3.jar:/Users/mkumar/.m2/repository/org/springframework/boot/spring-boot-configuration-processor/2.4.10/spring-boot-configuration-processor-2.4.10.jar:/Users/mkumar/.m2/repository/org/springframework/boot/spring-boot-starter-data-jpa/2.4.10/spring-boot-starter-data-jpa-2.4.10.jar:/Users/mkumar/.m2/repository/org/springframework/boot/spring-boot-starter-aop/2.4.10/spring-boot-starter-aop-2.4.10.jar:/Users/mkumar/.m2/repository/org/aspectj/aspectjweaver/1.9.7/aspectjweaver-1.9.7.jar:/Users/mkumar/.m2/repository/org/springframework/boot/spring-boot-starter-jdbc/2.4.10/spring-boot-starter-jdbc-2.4.10.jar:/Users/mkumar/.m2/repository/com/zaxxer/HikariCP/3.4.5/HikariCP-3.4.5.jar:/Users/mkumar/.m2/repository/org/springframework/spring-jdbc/5.3.9/spring-jdbc-5.3.9.jar:/Users/mkumar/.m2/repository/jakarta/transaction/jakarta.transaction-api/1.3.3/jakarta.transaction-api-1.3.3.jar:/Users/mkumar/.m2/repository/jakarta/persistence/jakarta.persistence-api/2.2.3/jakarta.persistence-api-2.2.3.jar:/Users/mkumar/.m2/repository/org/hibernate/hibernate-core/5.4.32.Final/hibernate-core-5.4.32.Final.jar:/Users/mkumar/.m2/repository/org/jboss/logging/jboss-logging/3.4.2.Final/jboss-logging-3.4.2.Final.jar:/Users/mkumar/.m2/repository/org/javassist/javassist/3.27.0-GA/javassist-3.27.0-GA.jar:/Users/mkumar/.m2/repository/net/bytebuddy/byte-buddy/1.10.22/byte-buddy-1.10.22.jar:/Users/mkumar/.m2/repository/antlr/antlr/2.7.7/antlr-2.7.7.jar:/Users/mkumar/.m2/repository/org/jboss/jandex/2.2.3.Final/jandex-2.2.3.Final.jar:/Users/mkumar/.m2/repository/com/fasterxml/classmate/1.5.1/classmate-1.5.1.jar:/Users/mkumar/.m2/repository/org/dom4j/dom4j/2.1.3/dom4j-2.1.3.jar:/Users/mkumar/.m2/repository/org/hibernate/common/hibernate-commons-annotations/5.1.2.Final/hibernate-commons-annotations-5.1.2.Final.jar:/Users/mkumar/.m2/repository/org/glassfish/jaxb/jaxb-runtime/2.3.5/jaxb-runtime-2.3.5.jar:/Users/mkumar/.m2/repository/org/glassfish/jaxb/txw2/2.3.5/txw2-2.3.5.jar:/Users/mkumar/.m2/repository/com/sun/istack/istack-commons-runtime/3.0.12/istack-commons-runtime-3.0.12.jar:/Users/mkumar/.m2/repository/com/sun/activation/jakarta.activation/1.2.2/jakarta.activation-1.2.2.jar:/Users/mkumar/.m2/repository/org/springframework/data/spring-data-jpa/2.4.12/spring-data-jpa-2.4.12.jar:/Users/mkumar/.m2/repository/org/springframework/data/spring-data-commons/2.4.12/spring-data-commons-2.4.12.jar:/Users/mkumar/.m2/repository/org/springframework/spring-orm/5.3.9/spring-orm-5.3.9.jar:/Users/mkumar/.m2/repository/org/springframework/spring-aspects/5.3.9/spring-aspects-5.3.9.jar:/Users/mkumar/.m2/repository/org/springframework/spring-tx/5.3.9/spring-tx-5.3.9.jar:/Users/mkumar/.m2/repository/org/springframework/spring-beans/5.3.9/spring-beans-5.3.9.jar:/Users/mkumar/.m2/repository/org/springframework/spring-core/5.3.9/spring-core-5.3.9.jar:/Users/mkumar/.m2/repository/org/springframework/spring-jcl/5.3.9/spring-jcl-5.3.9.jar:/Users/mkumar/.m2/repository/com/google/guava/guava/30.1.1-jre/guava-30.1.1-jre.jar:/Users/mkumar/.m2/repository/com/google/guava/failureaccess/1.0.1/failureaccess-1.0.1.jar:/Users/mkumar/.m2/repository/com/google/guava/listenablefuture/9999.0-empty-to-avoid-conflict-with-guava/listenablefuture-9999.0-empty-to-avoid-conflict-with-guava.jar:/Users/mkumar/.m2/repository/com/google/code/findbugs/jsr305/3.0.2/jsr305-3.0.2.jar:/Users/mkumar/.m2/repository/org/checkerframework/checker-qual/3.8.0/checker-qual-3.8.0.jar:/Users/mkumar/.m2/repository/com/google/errorprone/error_prone_annotations/2.5.1/error_prone_annotations-2.5.1.jar:/Users/mkumar/.m2/repository/com/google/j2objc/j2objc-annotations/1.3/j2objc-annotations-1.3.jar:/Users/mkumar/.m2/repository/org/springdoc/springdoc-openapi-ui/1.5.8/springdoc-openapi-ui-1.5.8.jar:/Users/mkumar/.m2/repository/org/springdoc/springdoc-openapi-webmvc-core/1.5.8/springdoc-openapi-webmvc-core-1.5.8.jar:/Users/mkumar/.m2/repository/org/springdoc/springdoc-openapi-common/1.5.8/springdoc-openapi-common-1.5.8.jar:/Users/mkumar/.m2/repository/io/swagger/core/v3/swagger-models/2.1.9/swagger-models-2.1.9.jar:/Users/mkumar/.m2/repository/io/swagger/core/v3/swagger-annotations/2.1.9/swagger-annotations-2.1.9.jar:/Users/mkumar/.m2/repository/io/swagger/core/v3/swagger-integration/2.1.9/swagger-integration-2.1.9.jar:/Users/mkumar/.m2/repository/io/swagger/core/v3/swagger-core/2.1.9/swagger-core-2.1.9.jar:/Users/mkumar/.m2/repository/com/fasterxml/jackson/dataformat/jackson-dataformat-yaml/2.11.4/jackson-dataformat-yaml-2.11.4.jar:/Users/mkumar/.m2/repository/jakarta/validation/jakarta.validation-api/2.0.2/jakarta.validation-api-2.0.2.jar:/Users/mkumar/.m2/repository/io/github/classgraph/classgraph/4.8.69/classgraph-4.8.69.jar:/Users/mkumar/.m2/repository/org/apache/commons/commons-lang3/3.11/commons-lang3-3.11.jar:/Users/mkumar/.m2/repository/org/webjars/swagger-ui/3.47.1/swagger-ui-3.47.1.jar:/Users/mkumar/.m2/repository/org/webjars/webjars-locator-core/0.46/webjars-locator-core-0.46.jar:/Users/mkumar/.m2/repository/com/fasterxml/jackson/core/jackson-core/2.11.4/jackson-core-2.11.4.jar:/Users/mkumar/.m2/repository/mysql/mysql-connector-java/8.0.26/mysql-connector-java-8.0.26.jar:/Users/mkumar/.m2/repository/org/yaml/snakeyaml/1.27/snakeyaml-1.27.jar:/Users/mkumar/.m2/repository/ma/glasnost/orika/orika-core/1.5.4/orika-core-1.5.4.jar:/Users/mkumar/.m2/repository/com/thoughtworks/paranamer/paranamer/2.8/paranamer-2.8.jar:/Users/mkumar/.m2/repository/org/slf4j/slf4j-api/1.7.32/slf4j-api-1.7.32.jar:/Users/mkumar/.m2/repository/com/carrotsearch/java-sizeof/0.0.5/java-sizeof-0.0.5.jar:/Users/mkumar/.m2/repository/org/codehaus/janino/janino/3.1.6/janino-3.1.6.jar:/Users/mkumar/.m2/repository/org/codehaus/janino/commons-compiler/3.1.6/commons-compiler-3.1.6.jar:/Users/mkumar/.m2/repository/org/flywaydb/flyway-core/7.1.1/flyway-core-7.1.1.jar:/Users/mkumar/.m2/repository/com/twa/flights/common/flights-common-dto/1.0.4/flights-common-dto-1.0.4.jar:/Users/mkumar/.m2/repository/com/fasterxml/jackson/core/jackson-annotations/2.11.4/jackson-annotations-2.11.4.jar:/Users/mkumar/.m2/repository/org/springframework/boot/spring-boot-starter-test/2.4.10/spring-boot-starter-test-2.4.10.jar:/Users/mkumar/.m2/repository/org/springframework/boot/spring-boot-test/2.4.10/spring-boot-test-2.4.10.jar:/Users/mkumar/.m2/repository/org/springframework/boot/spring-boot-test-autoconfigure/2.4.10/spring-boot-test-autoconfigure-2.4.10.jar:/Users/mkumar/.m2/repository/com/jayway/jsonpath/json-path/2.4.0/json-path-2.4.0.jar:/Users/mkumar/.m2/repository/net/minidev/json-smart/2.3.1/json-smart-2.3.1.jar:/Users/mkumar/.m2/repository/net/minidev/accessors-smart/2.3.1/accessors-smart-2.3.1.jar:/Users/mkumar/.m2/repository/jakarta/xml/bind/jakarta.xml.bind-api/2.3.3/jakarta.xml.bind-api-2.3.3.jar:/Users/mkumar/.m2/repository/jakarta/activation/jakarta.activation-api/1.2.2/jakarta.activation-api-1.2.2.jar:/Users/mkumar/.m2/repository/org/assertj/assertj-core/3.18.1/assertj-core-3.18.1.jar:/Users/mkumar/.m2/repository/org/hamcrest/hamcrest/2.2/hamcrest-2.2.jar:/Users/mkumar/.m2/repository/org/junit/jupiter/junit-jupiter/5.7.2/junit-jupiter-5.7.2.jar:/Users/mkumar/.m2/repository/org/junit/jupiter/junit-jupiter-api/5.7.2/junit-jupiter-api-5.7.2.jar:/Users/mkumar/.m2/repository/org/apiguardian/apiguardian-api/1.1.0/apiguardian-api-1.1.0.jar:/Users/mkumar/.m2/repository/org/opentest4j/opentest4j/1.2.0/opentest4j-1.2.0.jar:/Users/mkumar/.m2/repository/org/junit/platform/junit-platform-commons/1.7.2/junit-platform-commons-1.7.2.jar:/Users/mkumar/.m2/repository/org/junit/jupiter/junit-jupiter-params/5.7.2/junit-jupiter-params-5.7.2.jar:/Users/mkumar/.m2/repository/org/junit/jupiter/junit-jupiter-engine/5.7.2/junit-jupiter-engine-5.7.2.jar:/Users/mkumar/.m2/repository/org/junit/platform/junit-platform-engine/1.7.2/junit-platform-engine-1.7.2.jar:/Users/mkumar/.m2/repository/org/mockito/mockito-core/3.6.28/mockito-core-3.6.28.jar:/Users/mkumar/.m2/repository/net/bytebuddy/byte-buddy-agent/1.10.22/byte-buddy-agent-1.10.22.jar:/Users/mkumar/.m2/repository/org/objenesis/objenesis/3.1/objenesis-3.1.jar:/Users/mkumar/.m2/repository/org/mockito/mockito-junit-jupiter/3.6.28/mockito-junit-jupiter-3.6.28.jar:/Users/mkumar/.m2/repository/org/skyscreamer/jsonassert/1.5.0/jsonassert-1.5.0.jar:/Users/mkumar/.m2/repository/com/vaadin/external/google/android-json/0.0.20131108.vaadin1/android-json-0.0.20131108.vaadin1.jar:/Users/mkumar/.m2/repository/org/springframework/spring-test/5.3.9/spring-test-5.3.9.jar:/Users/mkumar/.m2/repository/org/xmlunit/xmlunit-core/2.7.0/xmlunit-core-2.7.0.jar:"/>
    <property name="java.vm.vendor" value="AdoptOpenJDK"/>
    <property name="sun.arch.data.model" value="64"/>
    <property name="java.vendor.url" value="https://adoptopenjdk.net/"/>
    <property name="user.timezone" value=""/>
    <property name="java.vm.specification.version" value="11"/>
    <property name="os.name" value="Mac OS X"/>
    <property name="sun.java.launcher" value="SUN_STANDARD"/>
    <property name="user.country" value="IN"/>
    <property name="sun.boot.library.path" value="/Users/mkumar/Library/Java/JavaVirtualMachines/adopt-openjdk-11.0.11/Contents/Home/lib"/>
    <property name="sun.java.command" value="/Users/mkumar/Projects/manning/api-testing/api-pricing/target/surefire/surefirebooter9128064430089291385.jar /Users/mkumar/Projects/manning/api-testing/api-pricing/target/surefire 2021-10-17T16-12-40_645-jvmRun1 surefire1663736782372440237tmp surefire_33416499580181287146tmp"/>
    <property name="http.nonProxyHosts" value="local|*.local|169.254/16|*.169.254/16"/>
    <property name="jdk.debug" value="release"/>
    <property name="surefire.test.class.path" value="/Users/mkumar/Projects/manning/api-testing/api-pricing/target/test-classes:/Users/mkumar/Projects/manning/api-testing/api-pricing/target/classes:/Users/mkumar/.m2/repository/org/springframework/boot/spring-boot-starter-web/2.4.10/spring-boot-starter-web-2.4.10.jar:/Users/mkumar/.m2/repository/org/springframework/boot/spring-boot-starter/2.4.10/spring-boot-starter-2.4.10.jar:/Users/mkumar/.m2/repository/org/springframework/boot/spring-boot/2.4.10/spring-boot-2.4.10.jar:/Users/mkumar/.m2/repository/org/springframework/boot/spring-boot-autoconfigure/2.4.10/spring-boot-autoconfigure-2.4.10.jar:/Users/mkumar/.m2/repository/org/springframework/boot/spring-boot-starter-logging/2.4.10/spring-boot-starter-logging-2.4.10.jar:/Users/mkumar/.m2/repository/ch/qos/logback/logback-classic/1.2.5/logback-classic-1.2.5.jar:/Users/mkumar/.m2/repository/ch/qos/logback/logback-core/1.2.5/logback-core-1.2.5.jar:/Users/mkumar/.m2/repository/org/apache/logging/log4j/log4j-to-slf4j/2.13.3/log4j-to-slf4j-2.13.3.jar:/Users/mkumar/.m2/repository/org/apache/logging/log4j/log4j-api/2.13.3/log4j-api-2.13.3.jar:/Users/mkumar/.m2/repository/org/slf4j/jul-to-slf4j/1.7.32/jul-to-slf4j-1.7.32.jar:/Users/mkumar/.m2/repository/jakarta/annotation/jakarta.annotation-api/1.3.5/jakarta.annotation-api-1.3.5.jar:/Users/mkumar/.m2/repository/org/springframework/boot/spring-boot-starter-json/2.4.10/spring-boot-starter-json-2.4.10.jar:/Users/mkumar/.m2/repository/com/fasterxml/jackson/core/jackson-databind/2.11.4/jackson-databind-2.11.4.jar:/Users/mkumar/.m2/repository/com/fasterxml/jackson/datatype/jackson-datatype-jdk8/2.11.4/jackson-datatype-jdk8-2.11.4.jar:/Users/mkumar/.m2/repository/com/fasterxml/jackson/datatype/jackson-datatype-jsr310/2.11.4/jackson-datatype-jsr310-2.11.4.jar:/Users/mkumar/.m2/repository/com/fasterxml/jackson/module/jackson-module-parameter-names/2.11.4/jackson-module-parameter-names-2.11.4.jar:/Users/mkumar/.m2/repository/org/springframework/spring-web/5.3.9/spring-web-5.3.9.jar:/Users/mkumar/.m2/repository/org/springframework/spring-webmvc/5.3.9/spring-webmvc-5.3.9.jar:/Users/mkumar/.m2/repository/org/springframework/spring-aop/5.3.9/spring-aop-5.3.9.jar:/Users/mkumar/.m2/repository/org/springframework/spring-context/5.3.9/spring-context-5.3.9.jar:/Users/mkumar/.m2/repository/org/springframework/spring-expression/5.3.9/spring-expression-5.3.9.jar:/Users/mkumar/.m2/repository/org/springframework/boot/spring-boot-starter-jetty/2.4.10/spring-boot-starter-jetty-2.4.10.jar:/Users/mkumar/.m2/repository/jakarta/servlet/jakarta.servlet-api/4.0.4/jakarta.servlet-api-4.0.4.jar:/Users/mkumar/.m2/repository/jakarta/websocket/jakarta.websocket-api/1.1.2/jakarta.websocket-api-1.1.2.jar:/Users/mkumar/.m2/repository/org/eclipse/jetty/jetty-servlets/9.4.43.v20210629/jetty-servlets-9.4.43.v20210629.jar:/Users/mkumar/.m2/repository/org/eclipse/jetty/jetty-continuation/9.4.43.v20210629/jetty-continuation-9.4.43.v20210629.jar:/Users/mkumar/.m2/repository/org/eclipse/jetty/jetty-http/9.4.43.v20210629/jetty-http-9.4.43.v20210629.jar:/Users/mkumar/.m2/repository/org/eclipse/jetty/jetty-util/9.4.43.v20210629/jetty-util-9.4.43.v20210629.jar:/Users/mkumar/.m2/repository/org/eclipse/jetty/jetty-io/9.4.43.v20210629/jetty-io-9.4.43.v20210629.jar:/Users/mkumar/.m2/repository/org/eclipse/jetty/jetty-webapp/9.4.43.v20210629/jetty-webapp-9.4.43.v20210629.jar:/Users/mkumar/.m2/repository/org/eclipse/jetty/jetty-xml/9.4.43.v20210629/jetty-xml-9.4.43.v20210629.jar:/Users/mkumar/.m2/repository/org/eclipse/jetty/jetty-servlet/9.4.43.v20210629/jetty-servlet-9.4.43.v20210629.jar:/Users/mkumar/.m2/repository/org/eclipse/jetty/jetty-security/9.4.43.v20210629/jetty-security-9.4.43.v20210629.jar:/Users/mkumar/.m2/repository/org/eclipse/jetty/jetty-server/9.4.43.v20210629/jetty-server-9.4.43.v20210629.jar:/Users/mkumar/.m2/repository/org/eclipse/jetty/jetty-util-ajax/9.4.43.v20210629/jetty-util-ajax-9.4.43.v20210629.jar:/Users/mkumar/.m2/repository/org/eclipse/jetty/websocket/websocket-server/9.4.43.v20210629/websocket-server-9.4.43.v20210629.jar:/Users/mkumar/.m2/repository/org/eclipse/jetty/websocket/websocket-common/9.4.43.v20210629/websocket-common-9.4.43.v20210629.jar:/Users/mkumar/.m2/repository/org/eclipse/jetty/websocket/websocket-api/9.4.43.v20210629/websocket-api-9.4.43.v20210629.jar:/Users/mkumar/.m2/repository/org/eclipse/jetty/websocket/websocket-client/9.4.43.v20210629/websocket-client-9.4.43.v20210629.jar:/Users/mkumar/.m2/repository/org/eclipse/jetty/jetty-client/9.4.43.v20210629/jetty-client-9.4.43.v20210629.jar:/Users/mkumar/.m2/repository/org/eclipse/jetty/websocket/websocket-servlet/9.4.43.v20210629/websocket-servlet-9.4.43.v20210629.jar:/Users/mkumar/.m2/repository/org/eclipse/jetty/websocket/javax-websocket-server-impl/9.4.43.v20210629/javax-websocket-server-impl-9.4.43.v20210629.jar:/Users/mkumar/.m2/repository/org/eclipse/jetty/jetty-annotations/9.4.43.v20210629/jetty-annotations-9.4.43.v20210629.jar:/Users/mkumar/.m2/repository/org/eclipse/jetty/jetty-plus/9.4.43.v20210629/jetty-plus-9.4.43.v20210629.jar:/Users/mkumar/.m2/repository/org/ow2/asm/asm/9.1/asm-9.1.jar:/Users/mkumar/.m2/repository/org/ow2/asm/asm-commons/9.1/asm-commons-9.1.jar:/Users/mkumar/.m2/repository/org/ow2/asm/asm-tree/9.1/asm-tree-9.1.jar:/Users/mkumar/.m2/repository/org/ow2/asm/asm-analysis/9.1/asm-analysis-9.1.jar:/Users/mkumar/.m2/repository/org/eclipse/jetty/websocket/javax-websocket-client-impl/9.4.43.v20210629/javax-websocket-client-impl-9.4.43.v20210629.jar:/Users/mkumar/.m2/repository/org/glassfish/jakarta.el/3.0.3/jakarta.el-3.0.3.jar:/Users/mkumar/.m2/repository/org/springframework/boot/spring-boot-starter-actuator/2.4.10/spring-boot-starter-actuator-2.4.10.jar:/Users/mkumar/.m2/repository/org/springframework/boot/spring-boot-actuator-autoconfigure/2.4.10/spring-boot-actuator-autoconfigure-2.4.10.jar:/Users/mkumar/.m2/repository/org/springframework/boot/spring-boot-actuator/2.4.10/spring-boot-actuator-2.4.10.jar:/Users/mkumar/.m2/repository/io/micrometer/micrometer-core/1.6.10/micrometer-core-1.6.10.jar:/Users/mkumar/.m2/repository/org/hdrhistogram/HdrHistogram/2.1.12/HdrHistogram-2.1.12.jar:/Users/mkumar/.m2/repository/org/latencyutils/LatencyUtils/2.0.3/LatencyUtils-2.0.3.jar:/Users/mkumar/.m2/repository/org/springframework/boot/spring-boot-configuration-processor/2.4.10/spring-boot-configuration-processor-2.4.10.jar:/Users/mkumar/.m2/repository/org/springframework/boot/spring-boot-starter-data-jpa/2.4.10/spring-boot-starter-data-jpa-2.4.10.jar:/Users/mkumar/.m2/repository/org/springframework/boot/spring-boot-starter-aop/2.4.10/spring-boot-starter-aop-2.4.10.jar:/Users/mkumar/.m2/repository/org/aspectj/aspectjweaver/1.9.7/aspectjweaver-1.9.7.jar:/Users/mkumar/.m2/repository/org/springframework/boot/spring-boot-starter-jdbc/2.4.10/spring-boot-starter-jdbc-2.4.10.jar:/Users/mkumar/.m2/repository/com/zaxxer/HikariCP/3.4.5/HikariCP-3.4.5.jar:/Users/mkumar/.m2/repository/org/springframework/spring-jdbc/5.3.9/spring-jdbc-5.3.9.jar:/Users/mkumar/.m2/repository/jakarta/transaction/jakarta.transaction-api/1.3.3/jakarta.transaction-api-1.3.3.jar:/Users/mkumar/.m2/repository/jakarta/persistence/jakarta.persistence-api/2.2.3/jakarta.persistence-api-2.2.3.jar:/Users/mkumar/.m2/repository/org/hibernate/hibernate-core/5.4.32.Final/hibernate-core-5.4.32.Final.jar:/Users/mkumar/.m2/repository/org/jboss/logging/jboss-logging/3.4.2.Final/jboss-logging-3.4.2.Final.jar:/Users/mkumar/.m2/repository/org/javassist/javassist/3.27.0-GA/javassist-3.27.0-GA.jar:/Users/mkumar/.m2/repository/net/bytebuddy/byte-buddy/1.10.22/byte-buddy-1.10.22.jar:/Users/mkumar/.m2/repository/antlr/antlr/2.7.7/antlr-2.7.7.jar:/Users/mkumar/.m2/repository/org/jboss/jandex/2.2.3.Final/jandex-2.2.3.Final.jar:/Users/mkumar/.m2/repository/com/fasterxml/classmate/1.5.1/classmate-1.5.1.jar:/Users/mkumar/.m2/repository/org/dom4j/dom4j/2.1.3/dom4j-2.1.3.jar:/Users/mkumar/.m2/repository/org/hibernate/common/hibernate-commons-annotations/5.1.2.Final/hibernate-commons-annotations-5.1.2.Final.jar:/Users/mkumar/.m2/repository/org/glassfish/jaxb/jaxb-runtime/2.3.5/jaxb-runtime-2.3.5.jar:/Users/mkumar/.m2/repository/org/glassfish/jaxb/txw2/2.3.5/txw2-2.3.5.jar:/Users/mkumar/.m2/repository/com/sun/istack/istack-commons-runtime/3.0.12/istack-commons-runtime-3.0.12.jar:/Users/mkumar/.m2/repository/com/sun/activation/jakarta.activation/1.2.2/jakarta.activation-1.2.2.jar:/Users/mkumar/.m2/repository/org/springframework/data/spring-data-jpa/2.4.12/spring-data-jpa-2.4.12.jar:/Users/mkumar/.m2/repository/org/springframework/data/spring-data-commons/2.4.12/spring-data-commons-2.4.12.jar:/Users/mkumar/.m2/repository/org/springframework/spring-orm/5.3.9/spring-orm-5.3.9.jar:/Users/mkumar/.m2/repository/org/springframework/spring-aspects/5.3.9/spring-aspects-5.3.9.jar:/Users/mkumar/.m2/repository/org/springframework/spring-tx/5.3.9/spring-tx-5.3.9.jar:/Users/mkumar/.m2/repository/org/springframework/spring-beans/5.3.9/spring-beans-5.3.9.jar:/Users/mkumar/.m2/repository/org/springframework/spring-core/5.3.9/spring-core-5.3.9.jar:/Users/mkumar/.m2/repository/org/springframework/spring-jcl/5.3.9/spring-jcl-5.3.9.jar:/Users/mkumar/.m2/repository/com/google/guava/guava/30.1.1-jre/guava-30.1.1-jre.jar:/Users/mkumar/.m2/repository/com/google/guava/failureaccess/1.0.1/failureaccess-1.0.1.jar:/Users/mkumar/.m2/repository/com/google/guava/listenablefuture/9999.0-empty-to-avoid-conflict-with-guava/listenablefuture-9999.0-empty-to-avoid-conflict-with-guava.jar:/Users/mkumar/.m2/repository/com/google/code/findbugs/jsr305/3.0.2/jsr305-3.0.2.jar:/Users/mkumar/.m2/repository/org/checkerframework/checker-qual/3.8.0/checker-qual-3.8.0.jar:/Users/mkumar/.m2/repository/com/google/errorprone/error_prone_annotations/2.5.1/error_prone_annotations-2.5.1.jar:/Users/mkumar/.m2/repository/com/google/j2objc/j2objc-annotations/1.3/j2objc-annotations-1.3.jar:/Users/mkumar/.m2/repository/org/springdoc/springdoc-openapi-ui/1.5.8/springdoc-openapi-ui-1.5.8.jar:/Users/mkumar/.m2/repository/org/springdoc/springdoc-openapi-webmvc-core/1.5.8/springdoc-openapi-webmvc-core-1.5.8.jar:/Users/mkumar/.m2/repository/org/springdoc/springdoc-openapi-common/1.5.8/springdoc-openapi-common-1.5.8.jar:/Users/mkumar/.m2/repository/io/swagger/core/v3/swagger-models/2.1.9/swagger-models-2.1.9.jar:/Users/mkumar/.m2/repository/io/swagger/core/v3/swagger-annotations/2.1.9/swagger-annotations-2.1.9.jar:/Users/mkumar/.m2/repository/io/swagger/core/v3/swagger-integration/2.1.9/swagger-integration-2.1.9.jar:/Users/mkumar/.m2/repository/io/swagger/core/v3/swagger-core/2.1.9/swagger-core-2.1.9.jar:/Users/mkumar/.m2/repository/com/fasterxml/jackson/dataformat/jackson-dataformat-yaml/2.11.4/jackson-dataformat-yaml-2.11.4.jar:/Users/mkumar/.m2/repository/jakarta/validation/jakarta.validation-api/2.0.2/jakarta.validation-api-2.0.2.jar:/Users/mkumar/.m2/repository/io/github/classgraph/classgraph/4.8.69/classgraph-4.8.69.jar:/Users/mkumar/.m2/repository/org/apache/commons/commons-lang3/3.11/commons-lang3-3.11.jar:/Users/mkumar/.m2/repository/org/webjars/swagger-ui/3.47.1/swagger-ui-3.47.1.jar:/Users/mkumar/.m2/repository/org/webjars/webjars-locator-core/0.46/webjars-locator-core-0.46.jar:/Users/mkumar/.m2/repository/com/fasterxml/jackson/core/jackson-core/2.11.4/jackson-core-2.11.4.jar:/Users/mkumar/.m2/repository/mysql/mysql-connector-java/8.0.26/mysql-connector-java-8.0.26.jar:/Users/mkumar/.m2/repository/org/yaml/snakeyaml/1.27/snakeyaml-1.27.jar:/Users/mkumar/.m2/repository/ma/glasnost/orika/orika-core/1.5.4/orika-core-1.5.4.jar:/Users/mkumar/.m2/repository/com/thoughtworks/paranamer/paranamer/2.8/paranamer-2.8.jar:/Users/mkumar/.m2/repository/org/slf4j/slf4j-api/1.7.32/slf4j-api-1.7.32.jar:/Users/mkumar/.m2/repository/com/carrotsearch/java-sizeof/0.0.5/java-sizeof-0.0.5.jar:/Users/mkumar/.m2/repository/org/codehaus/janino/janino/3.1.6/janino-3.1.6.jar:/Users/mkumar/.m2/repository/org/codehaus/janino/commons-compiler/3.1.6/commons-compiler-3.1.6.jar:/Users/mkumar/.m2/repository/org/flywaydb/flyway-core/7.1.1/flyway-core-7.1.1.jar:/Users/mkumar/.m2/repository/com/twa/flights/common/flights-common-dto/1.0.4/flights-common-dto-1.0.4.jar:/Users/mkumar/.m2/repository/com/fasterxml/jackson/core/jackson-annotations/2.11.4/jackson-annotations-2.11.4.jar:/Users/mkumar/.m2/repository/org/springframework/boot/spring-boot-starter-test/2.4.10/spring-boot-starter-test-2.4.10.jar:/Users/mkumar/.m2/repository/org/springframework/boot/spring-boot-test/2.4.10/spring-boot-test-2.4.10.jar:/Users/mkumar/.m2/repository/org/springframework/boot/spring-boot-test-autoconfigure/2.4.10/spring-boot-test-autoconfigure-2.4.10.jar:/Users/mkumar/.m2/repository/com/jayway/jsonpath/json-path/2.4.0/json-path-2.4.0.jar:/Users/mkumar/.m2/repository/net/minidev/json-smart/2.3.1/json-smart-2.3.1.jar:/Users/mkumar/.m2/repository/net/minidev/accessors-smart/2.3.1/accessors-smart-2.3.1.jar:/Users/mkumar/.m2/repository/jakarta/xml/bind/jakarta.xml.bind-api/2.3.3/jakarta.xml.bind-api-2.3.3.jar:/Users/mkumar/.m2/repository/jakarta/activation/jakarta.activation-api/1.2.2/jakarta.activation-api-1.2.2.jar:/Users/mkumar/.m2/repository/org/assertj/assertj-core/3.18.1/assertj-core-3.18.1.jar:/Users/mkumar/.m2/repository/org/hamcrest/hamcrest/2.2/hamcrest-2.2.jar:/Users/mkumar/.m2/repository/org/junit/jupiter/junit-jupiter/5.7.2/junit-jupiter-5.7.2.jar:/Users/mkumar/.m2/repository/org/junit/jupiter/junit-jupiter-api/5.7.2/junit-jupiter-api-5.7.2.jar:/Users/mkumar/.m2/repository/org/apiguardian/apiguardian-api/1.1.0/apiguardian-api-1.1.0.jar:/Users/mkumar/.m2/repository/org/opentest4j/opentest4j/1.2.0/opentest4j-1.2.0.jar:/Users/mkumar/.m2/repository/org/junit/platform/junit-platform-commons/1.7.2/junit-platform-commons-1.7.2.jar:/Users/mkumar/.m2/repository/org/junit/jupiter/junit-jupiter-params/5.7.2/junit-jupiter-params-5.7.2.jar:/Users/mkumar/.m2/repository/org/junit/jupiter/junit-jupiter-engine/5.7.2/junit-jupiter-engine-5.7.2.jar:/Users/mkumar/.m2/repository/org/junit/platform/junit-platform-engine/1.7.2/junit-platform-engine-1.7.2.jar:/Users/mkumar/.m2/repository/org/mockito/mockito-core/3.6.28/mockito-core-3.6.28.jar:/Users/mkumar/.m2/repository/net/bytebuddy/byte-buddy-agent/1.10.22/byte-buddy-agent-1.10.22.jar:/Users/mkumar/.m2/repository/org/objenesis/objenesis/3.1/objenesis-3.1.jar:/Users/mkumar/.m2/repository/org/mockito/mockito-junit-jupiter/3.6.28/mockito-junit-jupiter-3.6.28.jar:/Users/mkumar/.m2/repository/org/skyscreamer/jsonassert/1.5.0/jsonassert-1.5.0.jar:/Users/mkumar/.m2/repository/com/vaadin/external/google/android-json/0.0.20131108.vaadin1/android-json-0.0.20131108.vaadin1.jar:/Users/mkumar/.m2/repository/org/springframework/spring-test/5.3.9/spring-test-5.3.9.jar:/Users/mkumar/.m2/repository/org/xmlunit/xmlunit-core/2.7.0/xmlunit-core-2.7.0.jar:"/>
    <property name="sun.cpu.endian" value="little"/>
    <property name="user.home" value="/Users/mkumar"/>
    <property name="user.language" value="en"/>
    <property name="java.specification.vendor" value="Oracle Corporation"/>
    <property name="java.version.date" value="2021-04-20"/>
    <property name="java.home" value="/Users/mkumar/Library/Java/JavaVirtualMachines/adopt-openjdk-11.0.11/Contents/Home"/>
    <property name="file.separator" value="/"/>
    <property name="basedir" value="/Users/mkumar/Projects/manning/api-testing/api-pricing"/>
    <property name="java.vm.compressedOopsMode" value="Zero based"/>
    <property name="line.separator" value="&#10;"/>
    <property name="java.specification.name" value="Java Platform API Specification"/>
    <property name="java.vm.specification.vendor" value="Oracle Corporation"/>
    <property name="java.awt.graphicsenv" value="sun.awt.CGraphicsEnvironment"/>
    <property name="surefire.real.class.path" value="/Users/mkumar/Projects/manning/api-testing/api-pricing/target/surefire/surefirebooter9128064430089291385.jar"/>
    <property name="sun.management.compiler" value="HotSpot 64-Bit Tiered Compilers"/>
    <property name="ftp.nonProxyHosts" value="local|*.local|169.254/16|*.169.254/16"/>
    <property name="java.runtime.version" value="11.0.11+9"/>
    <property name="user.name" value="mkumar"/>
    <property name="path.separator" value=":"/>
    <property name="os.version" value="11.5"/>
    <property name="java.runtime.name" value="OpenJDK Runtime Environment"/>
    <property name="file.encoding" value="US-ASCII"/>
    <property name="java.vm.name" value="OpenJDK 64-Bit Server VM"/>
    <property name="java.vendor.version" value="AdoptOpenJDK-11.0.11+9"/>
    <property name="localRepository" value="/Users/mkumar/.m2/repository"/>
    <property name="java.vendor.url.bug" value="https://github.com/AdoptOpenJDK/openjdk-support/issues"/>
    <property name="java.io.tmpdir" value="/var/folders/0s/mvbktln14qx6846m9g39thww0000gp/T/"/>
    <property name="java.version" value="11.0.11"/>
    <property name="user.dir" value="/Users/mkumar/Projects/manning/api-testing/api-pricing"/>
    <property name="os.arch" value="x86_64"/>
    <property name="java.vm.specification.name" value="Java Virtual Machine Specification"/>
    <property name="java.awt.printerjob" value="sun.lwawt.macosx.CPrinterJob"/>
    <property name="sun.os.patch.level" value="unknown"/>
    <property name="java.library.path" value="/Users/mkumar/Library/Java/Extensions:/Library/Java/Extensions:/Network/Library/Java/Extensions:/System/Library/Java/Extensions:/usr/lib/java:."/>
    <property name="java.vm.info" value="mixed mode"/>
    <property name="java.vendor" value="AdoptOpenJDK"/>
    <property name="java.vm.version" value="11.0.11+9"/>
    <property name="sun.io.unicode.encoding" value="UnicodeBig"/>
    <property name="java.class.version" value="55.0"/>
    <property name="socksNonProxyHosts" value="local|*.local|169.254/16|*.169.254/16"/>
  </properties>
  <testcase name="should_return_information_of_default_api" classname="com.twa.flights.api.pricing.configuration.SwaggerConfigurationTest" time="0.913"/>
  <testcase name="should_return_information_of_openapi" classname="com.twa.flights.api.pricing.configuration.SwaggerConfigurationTest" time="0.019"/>
</testsuite>